Date/Time:       2022-12-16 16:54:06 
Command line:    C:\Users\etudiant\Java\ATRportable\beeware-venv\Scripts\briefcase run

OS Release:      Windows 10
OS Version:      10.0.19044
Architecture:    AMD64
Platform:        Windows-10-10.0.19044-SP0

Python exe:      c:\users\etudiant\java\atrportable\beeware-venv\scripts\python.exe
Python version:  3.8.10 (tags/v3.8.10:3d8993a, May  3 2021, 11:48:03) [MSC v.1928 64 bit (AMD64)]
Virtual env:     True
Conda env:       False

Briefcase:       0.3.11
Target platform: windows
Target format:   app

Environment Variables:
    ALLUSERSPROFILE=C:\ProgramData
    APPDATA=C:\Users\etudiant\AppData\Roaming
    COMMONPROGRAMFILES=C:\Program Files\Common Files
    COMMONPROGRAMFILES(X86)=C:\Program Files (x86)\Common Files
    COMMONPROGRAMW6432=C:\Program Files\Common Files
    COMPUTERNAME=LATITUDE3510-03
    COMSPEC=C:\WINDOWS\system32\cmd.exe
    DRIVERDATA=C:\Windows\System32\Drivers\DriverData
    HOMEDRIVE=C:
    HOMEPATH=\Users\etudiant
    INTELLIJ IDEA=C:\Program Files\JetBrains\IntelliJ IDEA 2022.2.3\bin;
    INTELLIJ IDEA EDUCATIONAL EDITION=C:\Program Files\JetBrains\IntelliJ IDEA Educational Edition 222.4167.41\bin;
    LOCALAPPDATA=C:\Users\etudiant\AppData\Local
    LOGONSERVER=\\LATITUDE3510-03
    NUMBER_OF_PROCESSORS=8
    ONEDRIVE=C:\Users\etudiant\OneDrive
    OS=Windows_NT
    PATH=C:\Users\etudiant\Java\ATRportable\beeware-venv\Scripts;C:\Program Files (x86)\Common Files\Oracle\Java\javapath;C:\WINDOWS\system32;C:\WINDOWS;C:\WINDOWS\System32\Wbem;C:\WINDOWS\System32\WindowsPowerShell\v1.0\;C:\WINDOWS\System32\OpenSSH\;C:\Program Files\dotnet\;C:\Program Files\Git\cmd;C:\Users\etudiant\AppData\Local\Programs\Python\Python38\Scripts\;C:\Users\etudiant\AppData\Local\Programs\Python\Python38\;C:\Users\etudiant\AppData\Local\Microsoft\WindowsApps;C:\msys64\mingw64\bin;C:\Program Files\JetBrains\IntelliJ IDEA Educational Edition 222.4167.41\bin;;C:\Program Files\JetBrains\IntelliJ IDEA 2022.2.3\bin;;C:\Users\etudiant\AppData\Local\Programs\Microsoft VS Code\bin;C:\Users\etudiant\AppData\Local\GitHubDesktop\bin
    PATHEXT=.COM;.EXE;.BAT;.CMD;.VBS;.VBE;.JS;.JSE;.WSF;.WSH;.MSC
    PROCESSOR_ARCHITECTURE=AMD64
    PROCESSOR_IDENTIFIER=Intel64 Family 6 Model 142 Stepping 12, GenuineIntel
    PROCESSOR_LEVEL=6
    PROCESSOR_REVISION=8e0c
    PROGRAMDATA=C:\ProgramData
    PROGRAMFILES=C:\Program Files
    PROGRAMFILES(X86)=C:\Program Files (x86)
    PROGRAMW6432=C:\Program Files
    PROMPT=(beeware-venv) $P$G
    PSMODULEPATH=C:\Program Files\WindowsPowerShell\Modules;C:\WINDOWS\system32\WindowsPowerShell\v1.0\Modules
    PUBLIC=C:\Users\Public
    SESSIONNAME=Console
    SYSTEMDRIVE=C:
    SYSTEMROOT=C:\WINDOWS
    TEMP=C:\Users\etudiant\AppData\Local\Temp
    TMP=C:\Users\etudiant\AppData\Local\Temp
    UATDATA=C:\WINDOWS\CCM\UATData\D9F8C395-CAB8-491d-B8AC-179A1FE1BE77
    USERDOMAIN=LATITUDE3510-03
    USERDOMAIN_ROAMINGPROFILE=LATITUDE3510-03
    USERNAME=etudiant
    USERPROFILE=C:\Users\etudiant
    VIRTUAL_ENV=C:\Users\etudiant\Java\ATRportable\beeware-venv
    WINDIR=C:\WINDOWS
    ZES_ENABLE_SYSMAN=1
    _OLD_VIRTUAL_PATH=C:\Program Files (x86)\Common Files\Oracle\Java\javapath;C:\WINDOWS\system32;C:\WINDOWS;C:\WINDOWS\System32\Wbem;C:\WINDOWS\System32\WindowsPowerShell\v1.0\;C:\WINDOWS\System32\OpenSSH\;C:\Program Files\dotnet\;C:\Program Files\Git\cmd;C:\Users\etudiant\AppData\Local\Programs\Python\Python38\Scripts\;C:\Users\etudiant\AppData\Local\Programs\Python\Python38\;C:\Users\etudiant\AppData\Local\Microsoft\WindowsApps;C:\msys64\mingw64\bin;C:\Program Files\JetBrains\IntelliJ IDEA Educational Edition 222.4167.41\bin;;C:\Program Files\JetBrains\IntelliJ IDEA 2022.2.3\bin;;C:\Users\etudiant\AppData\Local\Programs\Microsoft VS Code\bin;C:\Users\etudiant\AppData\Local\GitHubDesktop\bin
    _OLD_VIRTUAL_PROMPT=$P$G

Briefcase Log:
[16:54:00]                                                                                                                                                            __init__.py:82
           [atrportable] Starting app...                                                                                                                              __init__.py:82
           ===========================================================================                                                                                __init__.py:85
                                                                                                                                                                   subprocess.py:516
           >>> Running Command:                                                                                                                                    subprocess.py:517
           >>>     'C:\Users\etudiant\Java\ATRportable\beeware-venv\Scripts\atrportable\windows\app\ATRportable\src\ATRportable.exe'                               subprocess.py:518
           >>> Working Directory:                                                                                                                                  subprocess.py:525
           >>>     C:\Users\etudiant                                                                                                                               subprocess.py:526
[16:54:06] >>> Return code: 4294967290                                                                                                                             subprocess.py:553
                                                                                                                                                                      __main__.py:27
           Unable to start app atrportable.                                                                                                                           __main__.py:28

┌─────────────────────────────────────────────────────────────────────── Traceback (most recent call last) ────────────────────────────────────────────────────────────────────────┐
│ c:\users\etudiant\java\atrportable\beeware-venv\lib\site-packages\briefcase\platforms\windows\__init__.py:86 in run_app                                                          │
│                                                                                                                                                                                  │
│    83 │   │   try:                                                                                                                                                               │
│    84 │   │   │   # Start streaming logs for the app.                                                                                                                            │
│    85 │   │   │   self.logger.info("=" * 75)                                                                                                                                     │
│ >  86 │   │   │   self.tools.subprocess.run(                                                                                                                                     │
│    87 │   │   │   │   [os.fsdecode(self.binary_path(app))],                                                                                                                      │
│    88 │   │   │   │   cwd=self.tools.home_path,                                                                                                                                  │
│    89 │   │   │   │   check=True,                                                                                                                                                │
│                                                                                                                                                                                  │
│ ┌─────────────────────────────────────────── locals ───────────────────────────────────────────┐                                                                                 │
│ │    app = <com.example.atrportable v0.0.1 AppConfig>                                          │                                                                                 │
│ │ kwargs = {}                                                                                  │                                                                                 │
│ │   self = <briefcase.platforms.windows.app.WindowsAppRunCommand object at 0x0000027AB2494370> │                                                                                 │
│ └──────────────────────────────────────────────────────────────────────────────────────────────┘                                                                                 │
│                                                                                                                                                                                  │
│ c:\users\etudiant\java\atrportable\beeware-venv\lib\site-packages\briefcase\integrations\subprocess.py:110 in inner                                                              │
│                                                                                                                                                                                  │
│   107 │   │   """                                                                                                                                                                │
│   108 │   │   # Just run the command if no dynamic elements are active                                                                                                           │
│   109 │   │   if not sub.tools.input.is_console_controlled:                                                                                                                      │
│ > 110 │   │   │   return sub_method(sub, args, **kwargs)                                                                                                                         │
│   111 │   │                                                                                                                                                                      │
│   112 │   │   remove_dynamic_elements = False                                                                                                                                    │
│   113                                                                                                                                                                            │
│                                                                                                                                                                                  │
│ ┌──────────────────────────────────────────────────── locals ────────────────────────────────────────────────────┐                                                               │
│ │       args = ['C:\\Users\\etudiant\\Java\\ATRportable\\beeware-venv\\Scripts\\atrportable\\windows\\app\\'+31] │                                                               │
│ │     kwargs = {'cwd': WindowsPath('C:/Users/etudiant'), 'check': True, 'stream_output': True}                   │                                                               │
│ │        sub = <briefcase.integrations.subprocess.Subprocess object at 0x0000027AB5BE56D0>                       │                                                               │
│ │ sub_method = <function Subprocess.run at 0x0000027AB5AE6B80>                                                   │                                                               │
│ └────────────────────────────────────────────────────────────────────────────────────────────────────────────────┘                                                               │
│                                                                                                                                                                                  │
│ c:\users\etudiant\java\atrportable\beeware-venv\lib\site-packages\briefcase\integrations\subprocess.py:284 in run                                                                │
│                                                                                                                                                                                  │
│   281 │   │   if stream_output or (                                                                                                                                              │
│   282 │   │   │   self.tools.input.is_console_controlled and not is_output_redirected                                                                                            │
│   283 │   │   ):                                                                                                                                                                 │
│ > 284 │   │   │   return self._run_and_stream_output(args, **kwargs)                                                                                                             │
│   285 │   │                                                                                                                                                                      │
│   286 │   │   # Otherwise, invoke run() normally.                                                                                                                                │
│   287 │   │   self._log_command(args)                                                                                                                                            │
│                                                                                                                                                                                  │
│ ┌───────────────────────────────────────────────────────── locals ─────────────────────────────────────────────────────────┐                                                     │
│ │                 args = ['C:\\Users\\etudiant\\Java\\ATRportable\\beeware-venv\\Scripts\\atrportable\\windows\\app\\'+31] │                                                     │
│ │ is_output_redirected = None                                                                                              │                                                     │
│ │               kwargs = {'cwd': WindowsPath('C:/Users/etudiant'), 'check': True}                                          │                                                     │
│ │                 self = <briefcase.integrations.subprocess.Subprocess object at 0x0000027AB5BE56D0>                       │                                                     │
│ │        stream_output = True                                                                                              │                                                     │
│ └──────────────────────────────────────────────────────────────────────────────────────────────────────────────────────────┘                                                     │
│                                                                                                                                                                                  │
│ c:\users\etudiant\java\atrportable\beeware-venv\lib\site-packages\briefcase\integrations\subprocess.py:350 in _run_and_stream_output                                             │
│                                                                                                                                                                                  │
│   347 │   │   self._log_return_code(return_code)                                                                                                                                 │
│   348 │   │                                                                                                                                                                      │
│   349 │   │   if check and return_code:                                                                                                                                          │
│ > 350 │   │   │   raise subprocess.CalledProcessError(return_code, args, stderr=stderr)                                                                                          │
│   351 │   │                                                                                                                                                                      │
│   352 │   │   return subprocess.CompletedProcess(args, return_code, stderr=stderr)                                                                                               │
│   353                                                                                                                                                                            │
│                                                                                                                                                                                  │
│ ┌──────────────────────────────────────────────────── locals ─────────────────────────────────────────────────────┐                                                              │
│ │        args = ['C:\\Users\\etudiant\\Java\\ATRportable\\beeware-venv\\Scripts\\atrportable\\windows\\app\\'+31] │                                                              │
│ │       check = True                                                                                              │                                                              │
│ │      kwargs = {'cwd': WindowsPath('C:/Users/etudiant'), 'stdout': -1, 'stderr': -2, 'bufsize': 1}               │                                                              │
│ │     process = <subprocess.Popen object at 0x0000027AB5C0CB80>                                                   │                                                              │
│ │ return_code = 4294967290                                                                                        │                                                              │
│ │        self = <briefcase.integrations.subprocess.Subprocess object at 0x0000027AB5BE56D0>                       │                                                              │
│ │      stderr = None                                                                                              │                                                              │
│ └─────────────────────────────────────────────────────────────────────────────────────────────────────────────────┘                                                              │
└──────────────────────────────────────────────────────────────────────────────────────────────────────────────────────────────────────────────────────────────────────────────────┘
CalledProcessError: Command '['C:\\Users\\etudiant\\Java\\ATRportable\\beeware-venv\\Scripts\\atrportable\\windows\\app\\ATRportable\\src\\ATRportable.exe']' returned non-zero exit status 4294967290.

The above exception was the direct cause of the following exception:

┌─────────────────────────────────────────────────────────────────────── Traceback (most recent call last) ────────────────────────────────────────────────────────────────────────┐
│ c:\users\etudiant\java\atrportable\beeware-venv\lib\site-packages\briefcase\__main__.py:21 in main                                                                               │
│                                                                                                                                                                                  │
│   18 │   │   options = command.parse_options(extra=extra_cmdline)                                                                                                                │
│   19 │   │   command.check_obsolete_data_dir()                                                                                                                                   │
│   20 │   │   command.parse_config(Path.cwd() / "pyproject.toml")                                                                                                                 │
│ > 21 │   │   command(**options)                                                                                                                                                  │
│   22 │   except HelpText as e:                                                                                                                                                   │
│   23 │   │   logger.info()                                                                                                                                                       │
│   24 │   │   logger.info(str(e))                                                                                                                                                 │
│                                                                                                                                                                                  │
│ ┌────────────────────────────────────────────── locals ───────────────────────────────────────────────┐                                                                          │
│ │       command = <briefcase.platforms.windows.app.WindowsAppRunCommand object at 0x0000027AB2494370> │                                                                          │
│ │       Command = <class 'briefcase.platforms.windows.app.WindowsAppRunCommand'>                      │                                                                          │
│ │       console = <briefcase.console.Console object at 0x0000027AB28F9AF0>                            │                                                                          │
│ │             e = BriefcaseCommandError('Unable to start app atrportable.')                           │                                                                          │
│ │ extra_cmdline = []                                                                                  │                                                                          │
│ │        logger = <briefcase.console.Log object at 0x0000027AB249FE50>                                │                                                                          │
│ │       options = {'appname': None, 'update': False}                                                  │                                                                          │
│ │        result = 200                                                                                 │                                                                          │
│ └─────────────────────────────────────────────────────────────────────────────────────────────────────┘                                                                          │
│                                                                                                                                                                                  │
│ c:\users\etudiant\java\atrportable\beeware-venv\lib\site-packages\briefcase\commands\run.py:68 in __call__                                                                       │
│                                                                                                                                                                                  │
│   65 │   │                                                                                                                                                                       │
│   66 │   │   self.verify_app_tools(app)                                                                                                                                          │
│   67 │   │                                                                                                                                                                       │
│ > 68 │   │   state = self.run_app(app, **full_options(state, options))                                                                                                           │
│   69 │   │                                                                                                                                                                       │
│   70 │   │   return state                                                                                                                                                        │
│   71                                                                                                                                                                             │
│                                                                                                                                                                                  │
│ ┌──────────────────────────────────────────────────────────────────── locals ────────────────────────────────────────────────────────────────────┐                               │
│ │           app = <com.example.atrportable v0.0.1 AppConfig>                                                                                     │                               │
│ │       appname = None                                                                                                                           │                               │
│ │   binary_file = WindowsPath('C:/Users/etudiant/Java/ATRportable/beeware-venv/Scripts/atrportable/windows/app/ATRportable/src/ATRportable.exe') │                               │
│ │       options = {}                                                                                                                             │                               │
│ │          self = <briefcase.platforms.windows.app.WindowsAppRunCommand object at 0x0000027AB2494370>                                            │                               │
│ │         state = None                                                                                                                           │                               │
│ │ template_file = WindowsPath('C:/Users/etudiant/Java/ATRportable/beeware-venv/Scripts/atrportable/windows/app/ATRportable')                     │                               │
│ │        update = False                                                                                                                          │                               │
│ └────────────────────────────────────────────────────────────────────────────────────────────────────────────────────────────────────────────────┘                               │
│                                                                                                                                                                                  │
│ c:\users\etudiant\java\atrportable\beeware-venv\lib\site-packages\briefcase\platforms\windows\__init__.py:93 in run_app                                                          │
│                                                                                                                                                                                  │
│    90 │   │   │   │   stream_output=True,                                                                                                                                        │
│    91 │   │   │   )                                                                                                                                                              │
│    92 │   │   except subprocess.CalledProcessError as e:                                                                                                                         │
│ >  93 │   │   │   raise BriefcaseCommandError(f"Unable to start app {app.app_name}.") from e                                                                                     │
│    94                                                                                                                                                                            │
│    95                                                                                                                                                                            │
│    96 class WindowsPackageCommand(PackageCommand):                                                                                                                               │
│                                                                                                                                                                                  │
│ ┌─────────────────────────────────────────── locals ───────────────────────────────────────────┐                                                                                 │
│ │    app = <com.example.atrportable v0.0.1 AppConfig>                                          │                                                                                 │
│ │ kwargs = {}                                                                                  │                                                                                 │
│ │   self = <briefcase.platforms.windows.app.WindowsAppRunCommand object at 0x0000027AB2494370> │                                                                                 │
│ └──────────────────────────────────────────────────────────────────────────────────────────────┘                                                                                 │
└──────────────────────────────────────────────────────────────────────────────────────────────────────────────────────────────────────────────────────────────────────────────────┘
BriefcaseCommandError: Unable to start app atrportable.
