Date/Time:       2023-01-08 15:49:10 
Command line:    C:\Users\etudiant\Java\ATRportable\beeware-venv\Scripts\briefcase build android

OS Release:      Windows 10
OS Version:      10.0.19044
Architecture:    AMD64
Platform:        Windows-10-10.0.19044-SP0

Python exe:      c:\users\etudiant\java\atrportable\beeware-venv\scripts\python.exe
Python version:  3.8.10 (tags/v3.8.10:3d8993a, May  3 2021, 11:48:03) [MSC v.1928 64 bit (AMD64)]
Virtual env:     True
Conda env:       False

Briefcase:       0.3.11
Target platform: android
Target format:   gradle

Environment Variables:
    ALLUSERSPROFILE=C:\ProgramData
    APPDATA=C:\Users\etudiant\AppData\Roaming
    COMMONPROGRAMFILES=C:\Program Files\Common Files
    COMMONPROGRAMFILES(X86)=C:\Program Files (x86)\Common Files
    COMMONPROGRAMW6432=C:\Program Files\Common Files
    COMPUTERNAME=LATITUDE3510-03
    COMSPEC=C:\WINDOWS\system32\cmd.exe
    DRIVERDATA=C:\Windows\System32\Drivers\DriverData
    HOMEDRIVE=C:
    HOMEPATH=\Users\etudiant
    INTELLIJ IDEA=C:\Program Files\JetBrains\IntelliJ IDEA 2022.2.3\bin;
    INTELLIJ IDEA EDUCATIONAL EDITION=C:\Program Files\JetBrains\IntelliJ IDEA Educational Edition 222.4167.41\bin;
    LOCALAPPDATA=C:\Users\etudiant\AppData\Local
    LOGONSERVER=\\LATITUDE3510-03
    NUMBER_OF_PROCESSORS=8
    ONEDRIVE=C:\Users\etudiant\OneDrive
    OS=Windows_NT
    PATH=C:\Users\etudiant\Java\ATRportable\beeware-venv\Scripts;C:\Program Files (x86)\Common Files\Oracle\Java\javapath;C:\WINDOWS\system32;C:\WINDOWS;C:\WINDOWS\System32\Wbem;C:\WINDOWS\System32\WindowsPowerShell\v1.0\;C:\WINDOWS\System32\OpenSSH\;C:\Program Files\dotnet\;C:\Program Files\Git\cmd;C:\Users\etudiant\AppData\Local\Programs\Python\Python38\Scripts\;C:\Users\etudiant\AppData\Local\Programs\Python\Python38\;C:\Users\etudiant\AppData\Local\Microsoft\WindowsApps;C:\msys64\mingw64\bin;C:\Program Files\JetBrains\IntelliJ IDEA Educational Edition 222.4167.41\bin;;C:\Program Files\JetBrains\IntelliJ IDEA 2022.2.3\bin;;C:\Users\etudiant\AppData\Local\Programs\Microsoft VS Code\bin;C:\Users\etudiant\AppData\Local\GitHubDesktop\bin
    PATHEXT=.COM;.EXE;.BAT;.CMD;.VBS;.VBE;.JS;.JSE;.WSF;.WSH;.MSC
    PROCESSOR_ARCHITECTURE=AMD64
    PROCESSOR_IDENTIFIER=Intel64 Family 6 Model 142 Stepping 12, GenuineIntel
    PROCESSOR_LEVEL=6
    PROCESSOR_REVISION=8e0c
    PROGRAMDATA=C:\ProgramData
    PROGRAMFILES=C:\Program Files
    PROGRAMFILES(X86)=C:\Program Files (x86)
    PROGRAMW6432=C:\Program Files
    PROMPT=(beeware-venv) $P$G
    PSMODULEPATH=C:\Program Files\WindowsPowerShell\Modules;C:\WINDOWS\system32\WindowsPowerShell\v1.0\Modules
    PUBLIC=C:\Users\Public
    SESSIONNAME=Console
    SYSTEMDRIVE=C:
    SYSTEMROOT=C:\WINDOWS
    TEMP=C:\Users\etudiant\AppData\Local\Temp
    TMP=C:\Users\etudiant\AppData\Local\Temp
    UATDATA=C:\WINDOWS\CCM\UATData\D9F8C395-CAB8-491d-B8AC-179A1FE1BE77
    USERDOMAIN=LATITUDE3510-03
    USERDOMAIN_ROAMINGPROFILE=LATITUDE3510-03
    USERNAME=etudiant
    USERPROFILE=C:\Users\etudiant
    VIRTUAL_ENV=C:\Users\etudiant\Java\ATRportable\beeware-venv
    WINDIR=C:\WINDOWS
    ZES_ENABLE_SYSMAN=1
    _OLD_VIRTUAL_PATH=C:\Program Files (x86)\Common Files\Oracle\Java\javapath;C:\WINDOWS\system32;C:\WINDOWS;C:\WINDOWS\System32\Wbem;C:\WINDOWS\System32\WindowsPowerShell\v1.0\;C:\WINDOWS\System32\OpenSSH\;C:\Program Files\dotnet\;C:\Program Files\Git\cmd;C:\Users\etudiant\AppData\Local\Programs\Python\Python38\Scripts\;C:\Users\etudiant\AppData\Local\Programs\Python\Python38\;C:\Users\etudiant\AppData\Local\Microsoft\WindowsApps;C:\msys64\mingw64\bin;C:\Program Files\JetBrains\IntelliJ IDEA Educational Edition 222.4167.41\bin;;C:\Program Files\JetBrains\IntelliJ IDEA 2022.2.3\bin;;C:\Users\etudiant\AppData\Local\Programs\Microsoft VS Code\bin;C:\Users\etudiant\AppData\Local\GitHubDesktop\bin
    _OLD_VIRTUAL_PROMPT=$P$G

Briefcase Log:
[15:48:59]                                                                                                                                                             gradle.py:149
           [atrportable] Building Android APK...                                                                                                                       gradle.py:149
                                                                                                                                                                   subprocess.py:516
           >>> Running Command:                                                                                                                                    subprocess.py:517
           >>>     'C:\Users\etudiant\Java\ATRportable\beeware-venv\Scripts\atrportable\android\gradle\ATRportable\gradlew.bat' assembleDebug --console plain      subprocess.py:518
           >>> Working Directory:                                                                                                                                  subprocess.py:525
           >>>     C:\Users\etudiant\Java\ATRportable\beeware-venv\Scripts\atrportable\android\gradle\ATRportable                                                  subprocess.py:526
           >>> Environment Overrides:                                                                                                                              subprocess.py:535
           >>>     ANDROID_SDK_ROOT=C:\Users\etudiant\AppData\Local\BeeWare\briefcase\Cache\tools\android_sdk                                                      subprocess.py:537
           >>>     JAVA_HOME=C:\Users\etudiant\AppData\Local\BeeWare\briefcase\Cache\tools\java                                                                    subprocess.py:537
[15:49:08] >>> Return code: 1                                                                                                                                      subprocess.py:553
           Building...                                                                                                                                                 gradle.py:164
                                                                                                                                                                      __main__.py:27
           Error while building project.                                                                                                                              __main__.py:28

┌─────────────────────────────────────────────────────────────────────── Traceback (most recent call last) ────────────────────────────────────────────────────────────────────────┐
│ c:\users\etudiant\java\atrportable\beeware-venv\lib\site-packages\briefcase\platforms\android\gradle.py:152 in build_app                                                         │
│                                                                                                                                                                                  │
│   149 │   │   self.logger.info("Building Android APK...", prefix=app.app_name)                                                                                                   │
│   150 │   │   with self.input.wait_bar("Building..."):                                                                                                                           │
│   151 │   │   │   try:                                                                                                                                                           │
│ > 152 │   │   │   │   self.tools.subprocess.run(                                                                                                                                 │
│   153 │   │   │   │   │   # Windows needs the full path to `gradlew`; macOS & Linux can find i                                                                                   │
│   154 │   │   │   │   │   # via `./gradlew`. For simplicity of implementation, we always provi                                                                                   │
│   155 │   │   │   │   │   # the full path.                                                                                                                                       │
│                                                                                                                                                                                  │
│ ┌─────────────────────────────────────────── locals ────────────────────────────────────────────┐                                                                                │
│ │    app = <com.example.atrportable v0.0.1 AppConfig>                                           │                                                                                │
│ │ kwargs = {}                                                                                   │                                                                                │
│ │   self = <briefcase.platforms.android.gradle.GradleBuildCommand object at 0x000002205D314370> │                                                                                │
│ └───────────────────────────────────────────────────────────────────────────────────────────────┘                                                                                │
│                                                                                                                                                                                  │
│ c:\users\etudiant\java\atrportable\beeware-venv\lib\site-packages\briefcase\integrations\subprocess.py:125 in inner                                                              │
│                                                                                                                                                                                  │
│   122 │   │   # Run subprocess command with or without console control                                                                                                           │
│   123 │   │   if remove_dynamic_elements:                                                                                                                                        │
│   124 │   │   │   with sub.tools.input.release_console_control():                                                                                                                │
│ > 125 │   │   │   │   return sub_method(sub, args, **kwargs)                                                                                                                     │
│   126 │   │   else:                                                                                                                                                              │
│   127 │   │   │   return sub_method(sub, args, **kwargs)                                                                                                                         │
│   128                                                                                                                                                                            │
│                                                                                                                                                                                  │
│ ┌───────────────────────────────────────────────────────────────────────── locals ─────────────────────────────────────────────────────────────────────────┐                     │
│ │                    args = [                                                                                                                              │                     │
│ │                           │   WindowsPath('C:/Users/etudiant/Java/ATRportable/beeware-venv/Scripts/atrportable/android/gradle/ATRportable/gradlew.bat'), │                     │
│ │                           │   'assembleDebug',                                                                                                           │                     │
│ │                           │   '--console',                                                                                                               │                     │
│ │                           │   'plain'                                                                                                                    │                     │
│ │                           ]                                                                                                                              │                     │
│ │              executable = 'C:\\Users\\etudiant\\Java\\ATRportable\\beeware-venv\\Scripts\\atrportable\\android\\grad'+26                                 │                     │
│ │                  kwargs = {                                                                                                                              │                     │
│ │                           │   'env': {                                                                                                                   │                     │
│ │                           │   │   'ANDROID_SDK_ROOT': 'C:\\Users\\etudiant\\AppData\\Local\\BeeWare\\briefcase\\Cache\\tools\\android_sdk',              │                     │
│ │                           │   │   'JAVA_HOME': 'C:\\Users\\etudiant\\AppData\\Local\\BeeWare\\briefcase\\Cache\\tools\\java'                             │                     │
│ │                           │   },                                                                                                                         │                     │
│ │                           │   'cwd': WindowsPath('C:/Users/etudiant/Java/ATRportable/beeware-venv/Scripts/atrportable/android/gradle/ATRportable'),      │                     │
│ │                           │   'check': True                                                                                                              │                     │
│ │                           }                                                                                                                              │                     │
│ │ remove_dynamic_elements = True                                                                                                                           │                     │
│ │                     sub = <briefcase.integrations.subprocess.Subprocess object at 0x0000022060A856D0>                                                    │                     │
│ │              sub_method = <function Subprocess.run at 0x0000022060986B80>                                                                                │                     │
│ └──────────────────────────────────────────────────────────────────────────────────────────────────────────────────────────────────────────────────────────┘                     │
│                                                                                                                                                                                  │
│ c:\users\etudiant\java\atrportable\beeware-venv\lib\site-packages\briefcase\integrations\subprocess.py:292 in run                                                                │
│                                                                                                                                                                                  │
│   289 │   │   self._log_environment(kwargs.get("env"))                                                                                                                           │
│   290 │   │                                                                                                                                                                      │
│   291 │   │   try:                                                                                                                                                               │
│ > 292 │   │   │   command_result = self._subprocess.run(                                                                                                                         │
│   293 │   │   │   │   [str(arg) for arg in args], **self.final_kwargs(**kwargs)                                                                                                  │
│   294 │   │   │   )                                                                                                                                                              │
│   295 │   │   except subprocess.CalledProcessError as e:                                                                                                                         │
│                                                                                                                                                                                  │
│ ┌─────────────────────────────────────────────────────────────────────── locals ────────────────────────────────────────────────────────────────────────┐                        │
│ │                 args = [                                                                                                                              │                        │
│ │                        │   WindowsPath('C:/Users/etudiant/Java/ATRportable/beeware-venv/Scripts/atrportable/android/gradle/ATRportable/gradlew.bat'), │                        │
│ │                        │   'assembleDebug',                                                                                                           │                        │
│ │                        │   '--console',                                                                                                               │                        │
│ │                        │   'plain'                                                                                                                    │                        │
│ │                        ]                                                                                                                              │                        │
│ │ is_output_redirected = None                                                                                                                           │                        │
│ │               kwargs = {                                                                                                                              │                        │
│ │                        │   'env': {                                                                                                                   │                        │
│ │                        │   │   'ANDROID_SDK_ROOT': 'C:\\Users\\etudiant\\AppData\\Local\\BeeWare\\briefcase\\Cache\\tools\\android_sdk',              │                        │
│ │                        │   │   'JAVA_HOME': 'C:\\Users\\etudiant\\AppData\\Local\\BeeWare\\briefcase\\Cache\\tools\\java'                             │                        │
│ │                        │   },                                                                                                                         │                        │
│ │                        │   'cwd': WindowsPath('C:/Users/etudiant/Java/ATRportable/beeware-venv/Scripts/atrportable/android/gradle/ATRportable'),      │                        │
│ │                        │   'check': True                                                                                                              │                        │
│ │                        }                                                                                                                              │                        │
│ │                 self = <briefcase.integrations.subprocess.Subprocess object at 0x0000022060A856D0>                                                    │                        │
│ │        stream_output = False                                                                                                                          │                        │
│ └───────────────────────────────────────────────────────────────────────────────────────────────────────────────────────────────────────────────────────┘                        │
│                                                                                                                                                                                  │
│ C:\Users\etudiant\AppData\Local\Programs\Python\Python38\lib\subprocess.py:516 in run                                                                                            │
│                                                                                                                                                                                  │
│    513 │   │   │   raise                                                                                                                                                         │
│    514 │   │   retcode = process.poll()                                                                                                                                          │
│    515 │   │   if check and retcode:                                                                                                                                             │
│ >  516 │   │   │   raise CalledProcessError(retcode, process.args,                                                                                                               │
│    517 │   │   │   │   │   │   │   │   │    output=stdout, stderr=stderr)                                                                                                        │
│    518 │   return CompletedProcess(process.args, retcode, stdout, stderr)                                                                                                        │
│    519                                                                                                                                                                           │
│                                                                                                                                                                                  │
│ ┌────────────────────────────────────────────────────────────────────────── locals ───────────────────────────────────────────────────────────────────────────┐                  │
│ │ capture_output = False                                                                                                                                      │                  │
│ │          check = True                                                                                                                                       │                  │
│ │          input = None                                                                                                                                       │                  │
│ │         kwargs = {                                                                                                                                          │                  │
│ │                  │   'env': {                                                                                                                               │                  │
│ │                  │   │   'ALLUSERSPROFILE': 'C:\\ProgramData',                                                                                              │                  │
│ │                  │   │   'APPDATA': 'C:\\Users\\etudiant\\AppData\\Roaming',                                                                                │                  │
│ │                  │   │   'COMMONPROGRAMFILES': 'C:\\Program Files\\Common Files',                                                                           │                  │
│ │                  │   │   'COMMONPROGRAMFILES(X86)': 'C:\\Program Files (x86)\\Common Files',                                                                │                  │
│ │                  │   │   'COMMONPROGRAMW6432': 'C:\\Program Files\\Common Files',                                                                           │                  │
│ │                  │   │   'COMPUTERNAME': 'LATITUDE3510-03',                                                                                                 │                  │
│ │                  │   │   'COMSPEC': 'C:\\WINDOWS\\system32\\cmd.exe',                                                                                       │                  │
│ │                  │   │   'DRIVERDATA': 'C:\\Windows\\System32\\Drivers\\DriverData',                                                                        │                  │
│ │                  │   │   'HOMEDRIVE': 'C:',                                                                                                                 │                  │
│ │                  │   │   'HOMEPATH': '\\Users\\etudiant',                                                                                                   │                  │
│ │                  │   │   ... +37                                                                                                                            │                  │
│ │                  │   },                                                                                                                                     │                  │
│ │                  │   'cwd': 'C:\\Users\\etudiant\\Java\\ATRportable\\beeware-venv\\Scripts\\atrportable\\android\\grad'+14,                                 │                  │
│ │                  │   'text': True,                                                                                                                          │                  │
│ │                  │   'encoding': 'cp850'                                                                                                                    │                  │
│ │                  }                                                                                                                                          │                  │
│ │      popenargs = (['C:\\Users\\etudiant\\Java\\ATRportable\\beeware-venv\\Scripts\\atrportable\\android\\grad'+26, 'assembleDebug', '--console', 'plain'],) │                  │
│ │        process = <subprocess.Popen object at 0x0000022060AC15E0>                                                                                            │                  │
│ │        retcode = 1                                                                                                                                          │                  │
│ │         stderr = None                                                                                                                                       │                  │
│ │         stdout = None                                                                                                                                       │                  │
│ │        timeout = None                                                                                                                                       │                  │
│ └─────────────────────────────────────────────────────────────────────────────────────────────────────────────────────────────────────────────────────────────┘                  │
└──────────────────────────────────────────────────────────────────────────────────────────────────────────────────────────────────────────────────────────────────────────────────┘
CalledProcessError: Command '['C:\\Users\\etudiant\\Java\\ATRportable\\beeware-venv\\Scripts\\atrportable\\android\\gradle\\ATRportable\\gradlew.bat', 'assembleDebug', '--console', 'plain']' returned non-zero exit status 1.

The above exception was the direct cause of the following exception:

┌─────────────────────────────────────────────────────────────────────── Traceback (most recent call last) ────────────────────────────────────────────────────────────────────────┐
│ c:\users\etudiant\java\atrportable\beeware-venv\lib\site-packages\briefcase\__main__.py:21 in main                                                                               │
│                                                                                                                                                                                  │
│   18 │   │   options = command.parse_options(extra=extra_cmdline)                                                                                                                │
│   19 │   │   command.check_obsolete_data_dir()                                                                                                                                   │
│   20 │   │   command.parse_config(Path.cwd() / "pyproject.toml")                                                                                                                 │
│ > 21 │   │   command(**options)                                                                                                                                                  │
│   22 │   except HelpText as e:                                                                                                                                                   │
│   23 │   │   logger.info()                                                                                                                                                       │
│   24 │   │   logger.info(str(e))                                                                                                                                                 │
│                                                                                                                                                                                  │
│ ┌─────────────────────────────────────────────── locals ───────────────────────────────────────────────┐                                                                         │
│ │       command = <briefcase.platforms.android.gradle.GradleBuildCommand object at 0x000002205D314370> │                                                                         │
│ │       Command = <class 'briefcase.platforms.android.gradle.GradleBuildCommand'>                      │                                                                         │
│ │       console = <briefcase.console.Console object at 0x000002205D799AF0>                             │                                                                         │
│ │             e = BriefcaseCommandError('Error while building project.')                               │                                                                         │
│ │ extra_cmdline = []                                                                                   │                                                                         │
│ │        logger = <briefcase.console.Log object at 0x000002205D31FE50>                                 │                                                                         │
│ │       options = {'update': False}                                                                    │                                                                         │
│ │        result = 200                                                                                  │                                                                         │
│ └──────────────────────────────────────────────────────────────────────────────────────────────────────┘                                                                         │
│                                                                                                                                                                                  │
│ c:\users\etudiant\java\atrportable\beeware-venv\lib\site-packages\briefcase\commands\build.py:60 in __call__                                                                     │
│                                                                                                                                                                                  │
│   57 │   │   else:                                                                                                                                                               │
│   58 │   │   │   state = None                                                                                                                                                    │
│   59 │   │   │   for app_name, app in sorted(self.apps.items()):                                                                                                                 │
│ > 60 │   │   │   │   state = self._build_app(                                                                                                                                    │
│   61 │   │   │   │   │   app, update=update, **full_options(state, options)                                                                                                      │
│   62 │   │   │   │   )                                                                                                                                                           │
│   63                                                                                                                                                                             │
│                                                                                                                                                                                  │
│ ┌──────────────────────────────────────────── locals ─────────────────────────────────────────────┐                                                                              │
│ │      app = <com.example.atrportable v0.0.1 AppConfig>                                           │                                                                              │
│ │ app_name = 'atrportable'                                                                        │                                                                              │
│ │  options = {}                                                                                   │                                                                              │
│ │     self = <briefcase.platforms.android.gradle.GradleBuildCommand object at 0x000002205D314370> │                                                                              │
│ │    state = None                                                                                 │                                                                              │
│ │   update = False                                                                                │                                                                              │
│ └─────────────────────────────────────────────────────────────────────────────────────────────────┘                                                                              │
│                                                                                                                                                                                  │
│ c:\users\etudiant\java\atrportable\beeware-venv\lib\site-packages\briefcase\commands\build.py:41 in _build_app                                                                   │
│                                                                                                                                                                                  │
│   38 │   │                                                                                                                                                                       │
│   39 │   │   self.verify_app_tools(app)                                                                                                                                          │
│   40 │   │                                                                                                                                                                       │
│ > 41 │   │   state = self.build_app(app, **full_options(state, options))                                                                                                         │
│   42 │   │                                                                                                                                                                       │
│   43 │   │   self.logger.info(                                                                                                                                                   │
│   44 │   │   │   f"Built {self.binary_path(app).relative_to(self.base_path)}",                                                                                                   │
│                                                                                                                                                                                  │
│ ┌────────────────────────────────────────────────────────── locals ───────────────────────────────────────────────────────────┐                                                  │
│ │         app = <com.example.atrportable v0.0.1 AppConfig>                                                                    │                                                  │
│ │     options = {}                                                                                                            │                                                  │
│ │        self = <briefcase.platforms.android.gradle.GradleBuildCommand object at 0x000002205D314370>                          │                                                  │
│ │       state = None                                                                                                          │                                                  │
│ │ target_file = WindowsPath('C:/Users/etudiant/Java/ATRportable/beeware-venv/Scripts/atrportable/android/gradle/ATRportable') │                                                  │
│ │      update = False                                                                                                         │                                                  │
│ └─────────────────────────────────────────────────────────────────────────────────────────────────────────────────────────────┘                                                  │
│                                                                                                                                                                                  │
│ c:\users\etudiant\java\atrportable\beeware-venv\lib\site-packages\briefcase\platforms\android\gradle.py:164 in build_app                                                         │
│                                                                                                                                                                                  │
│   161 │   │   │   │   │   check=True,                                                                                                                                            │
│   162 │   │   │   │   )                                                                                                                                                          │
│   163 │   │   │   except subprocess.CalledProcessError as e:                                                                                                                     │
│ > 164 │   │   │   │   raise BriefcaseCommandError("Error while building project.") from e                                                                                        │
│   165                                                                                                                                                                            │
│   166                                                                                                                                                                            │
│   167 class GradleRunCommand(GradleMixin, RunCommand):                                                                                                                           │
│                                                                                                                                                                                  │
│ ┌─────────────────────────────────────────── locals ────────────────────────────────────────────┐                                                                                │
│ │    app = <com.example.atrportable v0.0.1 AppConfig>                                           │                                                                                │
│ │ kwargs = {}                                                                                   │                                                                                │
│ │   self = <briefcase.platforms.android.gradle.GradleBuildCommand object at 0x000002205D314370> │                                                                                │
│ └───────────────────────────────────────────────────────────────────────────────────────────────┘                                                                                │
└──────────────────────────────────────────────────────────────────────────────────────────────────────────────────────────────────────────────────────────────────────────────────┘
BriefcaseCommandError: Error while building project.
                                                                                                                                                                      console.py:269
           >>> Extra information:                                                                                                                                     console.py:270
                                                                                                                                                                   subprocess.py:516
           >>> Running Command:                                                                                                                                    subprocess.py:517
           >>>     'C:\Users\etudiant\AppData\Local\BeeWare\briefcase\Cache\tools\android_sdk\cmdline-tools\latest\bin\sdkmanager.bat' --list_installed            subprocess.py:518
           >>> Working Directory:                                                                                                                                  subprocess.py:525
           >>>     C:\Users\etudiant\Java\ATRportable\beeware-venv\Scripts\atrportable                                                                             subprocess.py:526
           >>> Environment Overrides:                                                                                                                              subprocess.py:535
           >>>     ANDROID_SDK_ROOT=C:\Users\etudiant\AppData\Local\BeeWare\briefcase\Cache\tools\android_sdk                                                      subprocess.py:537
           >>>     JAVA_HOME=C:\Users\etudiant\AppData\Local\BeeWare\briefcase\Cache\tools\java                                                                    subprocess.py:537
[15:49:10] >>> Command Output:                                                                                                                                     subprocess.py:542
           >>>     Loading package information...                                                                                                                  subprocess.py:544
           >>>     Loading local repository...                                                                                                                     subprocess.py:544
           >>>     [=========                              ] 25% Loading local repository...                                                                       subprocess.py:544
           >>>     [=========                              ] 25% Fetch remote repository...                                                                        subprocess.py:544
           >>>     [=======================================] 100% Fetch remote repository...                                                                       subprocess.py:544
           >>>     Installed packages:                                                                                                                             subprocess.py:544
           >>>       Path                                                                      | Version      | Description                                |       subprocess.py:544
           Location                                                                                                                                                                 
           >>>       -------                                                                   | -------      | -------                                    |       subprocess.py:544
           -------                                                                                                                                                                  
           >>>       build-tools;30.0.2                                                        | 30.0.2       | Android SDK Build-Tools 30.0.2             |       subprocess.py:544
           build-tools\30.0.2                                                                                                                                                       
           >>>       cmake;3.10.2.4988404                                                      | 3.10.2       | CMake 3.10.2.4988404                       |       subprocess.py:544
           cmake\3.10.2.4988404                                                                                                                                                     
           >>>       emulator                                                                  | 31.3.13      | Android Emulator                           |       subprocess.py:544
           emulator                                                                                                                                                                 
           >>>       ndk;21.4.7075529                                                          | 21.4.7075529 | NDK (Side by side) 21.4.7075529            |       subprocess.py:544
           ndk\21.4.7075529                                                                                                                                                         
           >>>       patcher;v4                                                                | 1            | SDK Patch Applier v4                       |       subprocess.py:544
           patcher\v4                                                                                                                                                               
           >>>       platform-tools                                                            | 33.0.3       | Android SDK Platform-Tools                 |       subprocess.py:544
           platform-tools                                                                                                                                                           
           >>>       platforms;android-32                                                      | 1            | Android SDK Platform 32                    |       subprocess.py:544
           platforms\android-32                                                                                                                                                     
           >>>       system-images;android-31;default;x86_64                                   | 4            | Intel x86 Atom_64 System Image             |       subprocess.py:544
           system-images\android-31\default\x86_64                                                                                                                                  
           >>>       system-images;android-33;google_apis;x86_64                               | 8            | Google APIs Intel x86 Atom_64 System Image |       subprocess.py:544
           system-images\android-33\google_apis\x86_64                                                                                                                              
           >>>       system-images;android-TiramisuPrivacySandbox;google_apis_playstore;x86_64 | 8            | Google Play Intel x86 Atom_64 System Image |       subprocess.py:544
           system-images\android-TiramisuPrivacySandbox\google_apis_playstore\x86_64                                                                                                
           >>>                                                                                                                                                     subprocess.py:544
           >>> Return code: 0                                                                                                                                      subprocess.py:553
